<?xml version="1.0" encoding="UTF-8"?>
<testsuite xmlns:xsi="http://www.w3.org/2001/XMLSchema-instance" xsi:noNamespaceSchemaLocation="https://maven.apache.org/surefire/maven-surefire-plugin/xsd/surefire-test-report.xsd" version="3.0.2" name="sorting.test.StudentTestSorting" time="0.25" tests="5" errors="5" skipped="0" failures="0" flakes="0">
  <properties>
[...]
</properties>
  <testcase name="testSort01" classname="sorting.test.StudentTestSorting" time="0.138">
    <error message="Unresolved compilation problems: &#10;	Type mismatch: cannot convert from T to int&#10;	i cannot be resolved to a variable&#10;	i cannot be resolved to a variable&#10;	i cannot be resolved to a variable&#10;	The operator &lt; is undefined for the argument type(s) T, int&#10;	i cannot be resolved to a variable&#10;	Type mismatch: cannot convert from T to int&#10;	i cannot be resolved to a variable&#10;	The method swap(T[], T, int) is undefined for the type SelectionSort&lt;T&gt;&#10;" type="java.lang.Error"><![CDATA[java.lang.Error: 
Unresolved compilation problems: 
	Type mismatch: cannot convert from T to int
	i cannot be resolved to a variable
	i cannot be resolved to a variable
	i cannot be resolved to a variable
	The operator < is undefined for the argument type(s) T, int
	i cannot be resolved to a variable
	Type mismatch: cannot convert from T to int
	i cannot be resolved to a variable
	The method swap(T[], T, int) is undefined for the type SelectionSort<T>

	at sorting.simpleSorting.SelectionSort.sort(SelectionSort.java:16)
	at sorting.AbstractSorting.sort(AbstractSorting.java:8)
	at sorting.test.StudentTestSorting.genericTest(StudentTestSorting.java:75)
	at sorting.test.StudentTestSorting.testSort01(StudentTestSorting.java:82)
]]></error>
  </testcase>
  <testcase name="testSort02" classname="sorting.test.StudentTestSorting" time="0.008">
    <error message="Unresolved compilation problems: &#10;	Type mismatch: cannot convert from T to int&#10;	i cannot be resolved to a variable&#10;	i cannot be resolved to a variable&#10;	i cannot be resolved to a variable&#10;	The operator &lt; is undefined for the argument type(s) T, int&#10;	i cannot be resolved to a variable&#10;	Type mismatch: cannot convert from T to int&#10;	i cannot be resolved to a variable&#10;	The method swap(T[], T, int) is undefined for the type SelectionSort&lt;T&gt;&#10;" type="java.lang.Error"><![CDATA[java.lang.Error: 
Unresolved compilation problems: 
	Type mismatch: cannot convert from T to int
	i cannot be resolved to a variable
	i cannot be resolved to a variable
	i cannot be resolved to a variable
	The operator < is undefined for the argument type(s) T, int
	i cannot be resolved to a variable
	Type mismatch: cannot convert from T to int
	i cannot be resolved to a variable
	The method swap(T[], T, int) is undefined for the type SelectionSort<T>

	at sorting.simpleSorting.SelectionSort.sort(SelectionSort.java:16)
	at sorting.AbstractSorting.sort(AbstractSorting.java:8)
	at sorting.test.StudentTestSorting.genericTest(StudentTestSorting.java:75)
	at sorting.test.StudentTestSorting.testSort02(StudentTestSorting.java:87)
]]></error>
  </testcase>
  <testcase name="testSort03" classname="sorting.test.StudentTestSorting" time="0.008">
    <error message="Unresolved compilation problems: &#10;	Type mismatch: cannot convert from T to int&#10;	i cannot be resolved to a variable&#10;	i cannot be resolved to a variable&#10;	i cannot be resolved to a variable&#10;	The operator &lt; is undefined for the argument type(s) T, int&#10;	i cannot be resolved to a variable&#10;	Type mismatch: cannot convert from T to int&#10;	i cannot be resolved to a variable&#10;	The method swap(T[], T, int) is undefined for the type SelectionSort&lt;T&gt;&#10;" type="java.lang.Error"><![CDATA[java.lang.Error: 
Unresolved compilation problems: 
	Type mismatch: cannot convert from T to int
	i cannot be resolved to a variable
	i cannot be resolved to a variable
	i cannot be resolved to a variable
	The operator < is undefined for the argument type(s) T, int
	i cannot be resolved to a variable
	Type mismatch: cannot convert from T to int
	i cannot be resolved to a variable
	The method swap(T[], T, int) is undefined for the type SelectionSort<T>

	at sorting.simpleSorting.SelectionSort.sort(SelectionSort.java:16)
	at sorting.AbstractSorting.sort(AbstractSorting.java:8)
	at sorting.test.StudentTestSorting.genericTest(StudentTestSorting.java:75)
	at sorting.test.StudentTestSorting.testSort03(StudentTestSorting.java:92)
]]></error>
  </testcase>
  <testcase name="testSort04" classname="sorting.test.StudentTestSorting" time="0.006">
    <error message="Unresolved compilation problems: &#10;	Type mismatch: cannot convert from T to int&#10;	i cannot be resolved to a variable&#10;	i cannot be resolved to a variable&#10;	i cannot be resolved to a variable&#10;	The operator &lt; is undefined for the argument type(s) T, int&#10;	i cannot be resolved to a variable&#10;	Type mismatch: cannot convert from T to int&#10;	i cannot be resolved to a variable&#10;	The method swap(T[], T, int) is undefined for the type SelectionSort&lt;T&gt;&#10;" type="java.lang.Error"><![CDATA[java.lang.Error: 
Unresolved compilation problems: 
	Type mismatch: cannot convert from T to int
	i cannot be resolved to a variable
	i cannot be resolved to a variable
	i cannot be resolved to a variable
	The operator < is undefined for the argument type(s) T, int
	i cannot be resolved to a variable
	Type mismatch: cannot convert from T to int
	i cannot be resolved to a variable
	The method swap(T[], T, int) is undefined for the type SelectionSort<T>

	at sorting.simpleSorting.SelectionSort.sort(SelectionSort.java:16)
	at sorting.AbstractSorting.sort(AbstractSorting.java:8)
	at sorting.test.StudentTestSorting.genericTest(StudentTestSorting.java:75)
	at sorting.test.StudentTestSorting.testSort04(StudentTestSorting.java:97)
]]></error>
  </testcase>
  <testcase name="testSort05" classname="sorting.test.StudentTestSorting" time="0.006">
    <error message="Unresolved compilation problems: &#10;	Type mismatch: cannot convert from T to int&#10;	i cannot be resolved to a variable&#10;	i cannot be resolved to a variable&#10;	i cannot be resolved to a variable&#10;	The operator &lt; is undefined for the argument type(s) T, int&#10;	i cannot be resolved to a variable&#10;	Type mismatch: cannot convert from T to int&#10;	i cannot be resolved to a variable&#10;	The method swap(T[], T, int) is undefined for the type SelectionSort&lt;T&gt;&#10;" type="java.lang.Error"><![CDATA[java.lang.Error: 
Unresolved compilation problems: 
	Type mismatch: cannot convert from T to int
	i cannot be resolved to a variable
	i cannot be resolved to a variable
	i cannot be resolved to a variable
	The operator < is undefined for the argument type(s) T, int
	i cannot be resolved to a variable
	Type mismatch: cannot convert from T to int
	i cannot be resolved to a variable
	The method swap(T[], T, int) is undefined for the type SelectionSort<T>

	at sorting.simpleSorting.SelectionSort.sort(SelectionSort.java:16)
	at sorting.AbstractSorting.sort(AbstractSorting.java:8)
	at sorting.test.StudentTestSorting.genericTest(StudentTestSorting.java:75)
	at sorting.test.StudentTestSorting.testSort05(StudentTestSorting.java:102)
]]></error>
  </testcase>
</testsuite>